0 info it worked if it ends with ok
1 verbose cli [ '/usr/bin/node', '/usr/bin/npm', 'install', 'canvas', '-g' ]
2 info using npm@2.14.12
3 info using node@v4.3.1
4 verbose install initial load of /usr/lib/package.json
5 verbose readDependencies loading dependencies from /usr/lib/package.json
6 silly cache add args [ 'canvas', null ]
7 verbose cache add spec canvas
8 silly cache add parsed spec Result {
8 silly cache add   raw: 'canvas',
8 silly cache add   scope: null,
8 silly cache add   name: 'canvas',
8 silly cache add   rawSpec: '',
8 silly cache add   spec: 'latest',
8 silly cache add   type: 'tag' }
9 silly addNamed canvas@latest
10 verbose addNamed "latest" is being treated as a dist-tag for canvas
11 info addNameTag [ 'canvas', 'latest' ]
12 silly mapToRegistry name canvas
13 silly mapToRegistry using default registry
14 silly mapToRegistry registry https://registry.npmjs.org/
15 silly mapToRegistry uri https://registry.npmjs.org/canvas
16 verbose addNameTag registry:https://registry.npmjs.org/canvas not in flight; fetching
17 verbose request uri https://registry.npmjs.org/canvas
18 verbose request no auth needed
19 info attempt registry request try #1 at 16:10:03
20 verbose request id 31d70a1ef1d9c37d
21 http request GET https://registry.npmjs.org/canvas
22 http 200 https://registry.npmjs.org/canvas
23 verbose headers { server: 'CouchDB/1.5.0 (Erlang OTP/R16B03)',
23 verbose headers   etag: '"SC6JMYL2JB6VC069IU7ALWAL"',
23 verbose headers   'content-type': 'application/json',
23 verbose headers   'cache-control': 'max-age=300',
23 verbose headers   'content-length': '105609',
23 verbose headers   'accept-ranges': 'bytes',
23 verbose headers   date: 'Wed, 02 Mar 2016 22:10:04 GMT',
23 verbose headers   via: '1.1 varnish',
23 verbose headers   age: '272',
23 verbose headers   connection: 'keep-alive',
23 verbose headers   'x-served-by': 'cache-lax1431-LAX',
23 verbose headers   'x-cache': 'HIT',
23 verbose headers   'x-cache-hits': '1',
23 verbose headers   'x-timer': 'S1456956604.059468,VS0,VE0',
23 verbose headers   vary: 'Accept' }
24 silly get cb [ 200,
24 silly get   { server: 'CouchDB/1.5.0 (Erlang OTP/R16B03)',
24 silly get     etag: '"SC6JMYL2JB6VC069IU7ALWAL"',
24 silly get     'content-type': 'application/json',
24 silly get     'cache-control': 'max-age=300',
24 silly get     'content-length': '105609',
24 silly get     'accept-ranges': 'bytes',
24 silly get     date: 'Wed, 02 Mar 2016 22:10:04 GMT',
24 silly get     via: '1.1 varnish',
24 silly get     age: '272',
24 silly get     connection: 'keep-alive',
24 silly get     'x-served-by': 'cache-lax1431-LAX',
24 silly get     'x-cache': 'HIT',
24 silly get     'x-cache-hits': '1',
24 silly get     'x-timer': 'S1456956604.059468,VS0,VE0',
24 silly get     vary: 'Accept' } ]
25 verbose get saving canvas to /root/.npm/registry.npmjs.org/canvas/.cache.json
26 silly addNameTag next cb for canvas with tag latest
27 silly addNamed canvas@1.3.12
28 verbose addNamed "1.3.12" is a plain semver version for canvas
29 silly mapToRegistry name canvas
30 silly mapToRegistry using default registry
31 silly mapToRegistry registry https://registry.npmjs.org/
32 silly mapToRegistry uri https://registry.npmjs.org/canvas
33 verbose addRemoteTarball https://registry.npmjs.org/canvas/-/canvas-1.3.12.tgz not in flight; adding
34 verbose addRemoteTarball [ 'https://registry.npmjs.org/canvas/-/canvas-1.3.12.tgz',
34 verbose addRemoteTarball   '0e6d7b78d6c9730cf1129d1138b28d6d52667e93' ]
35 info retry fetch attempt 1 at 16:10:04
36 info attempt registry request try #1 at 16:10:04
37 http fetch GET https://registry.npmjs.org/canvas/-/canvas-1.3.12.tgz
38 http fetch 200 https://registry.npmjs.org/canvas/-/canvas-1.3.12.tgz
39 silly fetchAndShaCheck shasum 0e6d7b78d6c9730cf1129d1138b28d6d52667e93
40 verbose addTmpTarball /tmp/npm-12158-0d983f5e/registry.npmjs.org/canvas/-/canvas-1.3.12.tgz not in flight; adding
41 verbose addTmpTarball already have metadata; skipping unpack for canvas@1.3.12
42 silly cache afterAdd canvas@1.3.12
43 verbose afterAdd /root/.npm/canvas/1.3.12/package/package.json not in flight; writing
44 verbose afterAdd /root/.npm/canvas/1.3.12/package/package.json written
45 silly install resolved [ { name: 'canvas',
45 silly install resolved     description: 'Canvas graphics API backed by Cairo',
45 silly install resolved     version: '1.3.12',
45 silly install resolved     author: { name: 'TJ Holowaychuk', email: 'tj@learnboost.com' },
45 silly install resolved     contributors: [ [Object], [Object], [Object] ],
45 silly install resolved     keywords:
45 silly install resolved      [ 'canvas',
45 silly install resolved        'graphic',
45 silly install resolved        'graphics',
45 silly install resolved        'pixman',
45 silly install resolved        'cairo',
45 silly install resolved        'image',
45 silly install resolved        'images',
45 silly install resolved        'pdf' ],
45 silly install resolved     homepage: 'https://github.com/Automattic/node-canvas',
45 silly install resolved     repository:
45 silly install resolved      { type: 'git',
45 silly install resolved        url: 'git://github.com/Automattic/node-canvas.git' },
45 silly install resolved     scripts:
45 silly install resolved      { prebenchmark: 'node-gyp build',
45 silly install resolved        benchmark: 'node benchmarks/run.js',
45 silly install resolved        pretest: 'node-gyp build',
45 silly install resolved        test: 'mocha test/*.test.js',
45 silly install resolved        'pretest-server': 'node-gyp build',
45 silly install resolved        'test-server': 'node test/server.js',
45 silly install resolved        install: 'node-gyp rebuild' },
45 silly install resolved     dependencies: { nan: '^2.1.0' },
45 silly install resolved     devDependencies:
45 silly install resolved      { 'body-parser': '^1.13.3',
45 silly install resolved        express: '^4.13.2',
45 silly install resolved        jade: '^1.11.0',
45 silly install resolved        mocha: '*' },
45 silly install resolved     engines: { node: '>=0.8.0' },
45 silly install resolved     main: './lib/canvas.js',
45 silly install resolved     license: 'MIT',
45 silly install resolved     gypfile: true,
45 silly install resolved     gitHead: 'a3492e3c3355b13433e1a3ddd5197f8bfa90f26c',
45 silly install resolved     bugs: { url: 'https://github.com/Automattic/node-canvas/issues' },
45 silly install resolved     _id: 'canvas@1.3.12',
45 silly install resolved     _shasum: '0e6d7b78d6c9730cf1129d1138b28d6d52667e93',
45 silly install resolved     _from: 'canvas@latest',
45 silly install resolved     _npmVersion: '3.6.0',
45 silly install resolved     _nodeVersion: '5.6.0',
45 silly install resolved     _npmUser: { name: 'linusu', email: 'linus@folkdatorn.se' },
45 silly install resolved     maintainers: [ [Object], [Object], [Object], [Object], [Object], [Object] ],
45 silly install resolved     dist:
45 silly install resolved      { shasum: '0e6d7b78d6c9730cf1129d1138b28d6d52667e93',
45 silly install resolved        tarball: 'http://registry.npmjs.org/canvas/-/canvas-1.3.12.tgz' },
45 silly install resolved     _npmOperationalInternal:
45 silly install resolved      { host: 'packages-9-west.internal.npmjs.com',
45 silly install resolved        tmp: 'tmp/canvas-1.3.12.tgz_1456821769858_0.6099298796616495' },
45 silly install resolved     directories: {},
45 silly install resolved     _resolved: 'https://registry.npmjs.org/canvas/-/canvas-1.3.12.tgz' } ]
46 info install canvas@1.3.12 into /usr/lib
47 info installOne canvas@1.3.12
48 verbose installOne of canvas to /usr/lib not in flight; installing
49 verbose lock using /root/.npm/_locks/canvas-e917fbf3181f6f65.lock for /usr/lib/node_modules/canvas
50 silly install write writing canvas 1.3.12 to /usr/lib/node_modules/canvas
51 verbose unbuild lib/node_modules/canvas
52 silly gentlyRm /usr/lib/node_modules/canvas is being purged from base /usr
53 verbose gentlyRm don't care about contents; nuking /usr/lib/node_modules/canvas
54 verbose tar unpack /root/.npm/canvas/1.3.12/package.tgz
55 verbose tar unpacking to /usr/lib/node_modules/canvas
56 silly gentlyRm /usr/lib/node_modules/canvas is being purged
57 verbose gentlyRm don't care about contents; nuking /usr/lib/node_modules/canvas
58 silly gunzTarPerm modes [ '755', '644' ]
59 silly gunzTarPerm extractEntry package.json
60 silly gunzTarPerm extractEntry .npmignore
61 silly gunzTarPerm extractEntry index.js
62 silly gunzTarPerm extractEntry Readme.md
63 silly gunzTarPerm extractEntry binding.gyp
64 silly gunzTarPerm extractEntry .travis.yml
65 silly gunzTarPerm extractEntry lib/bindings.js
66 silly gunzTarPerm extractEntry lib/canvas.js
67 silly gunzTarPerm extractEntry lib/context2d.js
68 silly gunzTarPerm extractEntry lib/image.js
69 silly gunzTarPerm extractEntry lib/jpegstream.js
70 silly gunzTarPerm extractEntry lib/pngstream.js
71 silly gunzTarPerm extractEntry History.md
72 silly gunzTarPerm extractEntry src/Image.cc
73 silly gunzTarPerm extractEntry src/Canvas.cc
74 silly gunzTarPerm extractEntry src/CanvasGradient.cc
75 silly gunzTarPerm extractEntry src/CanvasGradient.h
76 silly gunzTarPerm extractEntry src/CanvasPattern.cc
77 silly gunzTarPerm extractEntry src/CanvasPattern.h
78 silly gunzTarPerm extractEntry src/CanvasRenderingContext2d.cc
79 silly gunzTarPerm extractEntry src/CanvasRenderingContext2d.h
80 silly gunzTarPerm extractEntry src/FontFace.cc
81 silly gunzTarPerm extractEntry src/FontFace.h
82 silly gunzTarPerm extractEntry src/Canvas.h
83 silly gunzTarPerm extractEntry src/Image.h
84 silly gunzTarPerm extractEntry src/ImageData.cc
85 silly gunzTarPerm extractEntry src/ImageData.h
86 silly gunzTarPerm extractEntry src/JPEGStream.h
87 silly gunzTarPerm extractEntry src/PNG.h
88 silly gunzTarPerm extractEntry src/Point.h
89 silly gunzTarPerm extractEntry src/closure.h
90 silly gunzTarPerm extractEntry src/color.cc
91 silly gunzTarPerm extractEntry src/color.h
92 silly gunzTarPerm extractEntry src/init.cc
93 silly gunzTarPerm extractEntry util/has_lib.sh
94 verbose write writing to /usr/lib/node_modules/canvas/package.json
95 info preinstall canvas@1.3.12
96 verbose readDependencies loading dependencies from /usr/lib/node_modules/canvas/package.json
97 silly prepareForInstallMany adding nan@^2.1.0 from canvas dependencies
98 verbose readDependencies loading dependencies from /usr/lib/node_modules/canvas/package.json
99 silly cache add args [ 'nan@^2.1.0', null ]
100 verbose cache add spec nan@^2.1.0
101 silly cache add parsed spec Result {
101 silly cache add   raw: 'nan@^2.1.0',
101 silly cache add   scope: null,
101 silly cache add   name: 'nan',
101 silly cache add   rawSpec: '^2.1.0',
101 silly cache add   spec: '>=2.1.0 <3.0.0',
101 silly cache add   type: 'range' }
102 silly addNamed nan@>=2.1.0 <3.0.0
103 verbose addNamed ">=2.1.0 <3.0.0" is a valid semver range for nan
104 silly addNameRange { name: 'nan', range: '>=2.1.0 <3.0.0', hasData: false }
105 silly mapToRegistry name nan
106 silly mapToRegistry using default registry
107 silly mapToRegistry registry https://registry.npmjs.org/
108 silly mapToRegistry uri https://registry.npmjs.org/nan
109 verbose addNameRange registry:https://registry.npmjs.org/nan not in flight; fetching
110 verbose request uri https://registry.npmjs.org/nan
111 verbose request no auth needed
112 info attempt registry request try #1 at 16:10:05
113 http request GET https://registry.npmjs.org/nan
114 http 200 https://registry.npmjs.org/nan
115 verbose headers { server: 'CouchDB/1.5.0 (Erlang OTP/R16B03)',
115 verbose headers   etag: '"BAVERG4EG5W3XHF012VJBMBOB"',
115 verbose headers   'content-type': 'application/json',
115 verbose headers   'cache-control': 'max-age=300',
115 verbose headers   'content-length': '102511',
115 verbose headers   'accept-ranges': 'bytes',
115 verbose headers   date: 'Wed, 02 Mar 2016 22:10:05 GMT',
115 verbose headers   via: '1.1 varnish',
115 verbose headers   age: '36',
115 verbose headers   connection: 'keep-alive',
115 verbose headers   'x-served-by': 'cache-lax1432-LAX',
115 verbose headers   'x-cache': 'HIT',
115 verbose headers   'x-cache-hits': '4',
115 verbose headers   'x-timer': 'S1456956605.205089,VS0,VE0',
115 verbose headers   vary: 'Accept' }
116 silly get cb [ 200,
116 silly get   { server: 'CouchDB/1.5.0 (Erlang OTP/R16B03)',
116 silly get     etag: '"BAVERG4EG5W3XHF012VJBMBOB"',
116 silly get     'content-type': 'application/json',
116 silly get     'cache-control': 'max-age=300',
116 silly get     'content-length': '102511',
116 silly get     'accept-ranges': 'bytes',
116 silly get     date: 'Wed, 02 Mar 2016 22:10:05 GMT',
116 silly get     via: '1.1 varnish',
116 silly get     age: '36',
116 silly get     connection: 'keep-alive',
116 silly get     'x-served-by': 'cache-lax1432-LAX',
116 silly get     'x-cache': 'HIT',
116 silly get     'x-cache-hits': '4',
116 silly get     'x-timer': 'S1456956605.205089,VS0,VE0',
116 silly get     vary: 'Accept' } ]
117 verbose get saving nan to /root/.npm/registry.npmjs.org/nan/.cache.json
118 silly addNameRange number 2 { name: 'nan', range: '>=2.1.0 <3.0.0', hasData: true }
119 silly addNameRange versions [ 'nan',
119 silly addNameRange   [ '0.3.0-wip',
119 silly addNameRange     '0.3.0-wip2',
119 silly addNameRange     '0.3.0',
119 silly addNameRange     '0.3.1',
119 silly addNameRange     '0.3.2',
119 silly addNameRange     '0.4.0',
119 silly addNameRange     '0.4.1',
119 silly addNameRange     '0.4.2',
119 silly addNameRange     '0.4.3',
119 silly addNameRange     '0.4.4',
119 silly addNameRange     '0.5.0',
119 silly addNameRange     '0.5.1',
119 silly addNameRange     '0.5.2',
119 silly addNameRange     '0.6.0',
119 silly addNameRange     '0.7.0',
119 silly addNameRange     '0.7.1',
119 silly addNameRange     '0.8.0',
119 silly addNameRange     '1.0.0',
119 silly addNameRange     '1.1.0',
119 silly addNameRange     '1.1.1',
119 silly addNameRange     '1.1.2',
119 silly addNameRange     '1.2.0',
119 silly addNameRange     '1.3.0',
119 silly addNameRange     '1.4.0',
119 silly addNameRange     '1.4.1',
119 silly addNameRange     '1.5.0',
119 silly addNameRange     '1.4.2',
119 silly addNameRange     '1.4.3',
119 silly addNameRange     '1.5.1',
119 silly addNameRange     '1.5.2',
119 silly addNameRange     '1.6.0',
119 silly addNameRange     '1.5.3',
119 silly addNameRange     '1.6.1',
119 silly addNameRange     '1.6.2',
119 silly addNameRange     '1.7.0',
119 silly addNameRange     '1.8.0',
119 silly addNameRange     '1.8.1',
119 silly addNameRange     '1.8.2',
119 silly addNameRange     '1.8.3',
119 silly addNameRange     '1.8.4',
119 silly addNameRange     '1.9.0',
119 silly addNameRange     '2.0.0',
119 silly addNameRange     '2.0.1',
119 silly addNameRange     '2.0.2',
119 silly addNameRange     '2.0.3',
119 silly addNameRange     '2.0.4',
119 silly addNameRange     '2.0.5',
119 silly addNameRange     '2.0.6',
119 silly addNameRange     '2.0.7',
119 silly addNameRange     '2.0.8',
119 silly addNameRange     '2.0.9',
119 silly addNameRange     '2.1.0',
119 silly addNameRange     '2.2.0' ] ]
120 silly addNamed nan@2.2.0
121 verbose addNamed "2.2.0" is a plain semver version for nan
122 silly mapToRegistry name nan
123 silly mapToRegistry using default registry
124 silly mapToRegistry registry https://registry.npmjs.org/
125 silly mapToRegistry uri https://registry.npmjs.org/nan
126 verbose addRemoteTarball https://registry.npmjs.org/nan/-/nan-2.2.0.tgz not in flight; adding
127 verbose addRemoteTarball [ 'https://registry.npmjs.org/nan/-/nan-2.2.0.tgz',
127 verbose addRemoteTarball   '779c07135629503cf6a7b7e6aab33049b3c3853c' ]
128 info retry fetch attempt 1 at 16:10:05
129 info attempt registry request try #1 at 16:10:05
130 http fetch GET https://registry.npmjs.org/nan/-/nan-2.2.0.tgz
131 http fetch 200 https://registry.npmjs.org/nan/-/nan-2.2.0.tgz
132 silly fetchAndShaCheck shasum 779c07135629503cf6a7b7e6aab33049b3c3853c
133 verbose addTmpTarball /tmp/npm-12158-0d983f5e/registry.npmjs.org/nan/-/nan-2.2.0.tgz not in flight; adding
134 verbose addTmpTarball already have metadata; skipping unpack for nan@2.2.0
135 silly cache afterAdd nan@2.2.0
136 verbose afterAdd /root/.npm/nan/2.2.0/package/package.json not in flight; writing
137 verbose afterAdd /root/.npm/nan/2.2.0/package/package.json written
138 silly install resolved [ { name: 'nan',
138 silly install resolved     version: '2.2.0',
138 silly install resolved     description: 'Native Abstractions for Node.js: C++ header for Node 0.8 -> 4 compatibility',
138 silly install resolved     main: 'include_dirs.js',
138 silly install resolved     repository: { type: 'git', url: 'git://github.com/nodejs/nan.git' },
138 silly install resolved     scripts:
138 silly install resolved      { test: 'tap --gc test/js/*-test.js',
138 silly install resolved        'rebuild-tests': 'node-gyp rebuild --msvs_version=2013 --directory test',
138 silly install resolved        docs: 'doc/.build.sh' },
138 silly install resolved     contributors:
138 silly install resolved      [ [Object],
138 silly install resolved        [Object],
138 silly install resolved        [Object],
138 silly install resolved        [Object],
138 silly install resolved        [Object],
138 silly install resolved        [Object],
138 silly install resolved        [Object] ],
138 silly install resolved     devDependencies:
138 silly install resolved      { bindings: '~1.2.1',
138 silly install resolved        commander: '^2.8.1',
138 silly install resolved        glob: '^5.0.14',
138 silly install resolved        'node-gyp': '~3.0.1',
138 silly install resolved        tap: '~0.7.1',
138 silly install resolved        xtend: '~4.0.0' },
138 silly install resolved     license: 'MIT',
138 silly install resolved     bugs: { url: 'https://github.com/nodejs/nan/issues' },
138 silly install resolved     homepage: 'https://github.com/nodejs/nan#readme',
138 silly install resolved     _id: 'nan@2.2.0',
138 silly install resolved     _shasum: '779c07135629503cf6a7b7e6aab33049b3c3853c',
138 silly install resolved     _resolved: 'https://registry.npmjs.org/nan/-/nan-2.2.0.tgz',
138 silly install resolved     _from: 'nan@>=2.1.0 <3.0.0',
138 silly install resolved     _npmVersion: '3.3.6',
138 silly install resolved     _nodeVersion: '5.0.0',
138 silly install resolved     _npmUser: { name: 'kkoopa', email: 'bbyholm@abo.fi' },
138 silly install resolved     dist:
138 silly install resolved      { shasum: '779c07135629503cf6a7b7e6aab33049b3c3853c',
138 silly install resolved        tarball: 'http://registry.npmjs.org/nan/-/nan-2.2.0.tgz' },
138 silly install resolved     maintainers: [ [Object], [Object] ],
138 silly install resolved     directories: {} } ]
139 info install nan@2.2.0 into /usr/lib/node_modules/canvas
140 info installOne nan@2.2.0
141 verbose installOne of nan to /usr/lib/node_modules/canvas not in flight; installing
142 verbose lock using /root/.npm/_locks/nan-825257e421f269d2.lock for /usr/lib/node_modules/canvas/node_modules/nan
143 silly install write writing nan 2.2.0 to /usr/lib/node_modules/canvas/node_modules/nan
144 verbose unbuild lib/node_modules/canvas/node_modules/nan
145 silly gentlyRm /usr/lib/node_modules/canvas/node_modules/nan is being purged from base /usr
146 verbose gentlyRm don't care about contents; nuking /usr/lib/node_modules/canvas/node_modules/nan
147 verbose tar unpack /root/.npm/nan/2.2.0/package.tgz
148 verbose tar unpacking to /usr/lib/node_modules/canvas/node_modules/nan
149 silly gentlyRm /usr/lib/node_modules/canvas/node_modules/nan is being purged
150 verbose gentlyRm don't care about contents; nuking /usr/lib/node_modules/canvas/node_modules/nan
151 silly gunzTarPerm modes [ '755', '644' ]
152 silly gunzTarPerm extractEntry package.json
153 silly gunzTarPerm modified mode [ 'package.json', 436, 420 ]
154 silly gunzTarPerm extractEntry README.md
155 silly gunzTarPerm modified mode [ 'README.md', 436, 420 ]
156 silly gunzTarPerm extractEntry include_dirs.js
157 silly gunzTarPerm modified mode [ 'include_dirs.js', 436, 420 ]
158 silly gunzTarPerm extractEntry nan_converters.h
159 silly gunzTarPerm modified mode [ 'nan_converters.h', 436, 420 ]
160 silly gunzTarPerm extractEntry LICENSE.md
161 silly gunzTarPerm modified mode [ 'LICENSE.md', 436, 420 ]
162 silly gunzTarPerm extractEntry .dntrc
163 silly gunzTarPerm modified mode [ '.dntrc', 436, 420 ]
164 silly gunzTarPerm extractEntry appveyor.yml
165 silly gunzTarPerm modified mode [ 'appveyor.yml', 436, 420 ]
166 silly gunzTarPerm extractEntry doc/new.md
167 silly gunzTarPerm modified mode [ 'doc/new.md', 436, 420 ]
168 silly gunzTarPerm extractEntry doc/.build.sh
169 silly gunzTarPerm modified mode [ 'doc/.build.sh', 509, 493 ]
170 silly gunzTarPerm extractEntry doc/buffers.md
171 silly gunzTarPerm modified mode [ 'doc/buffers.md', 436, 420 ]
172 silly gunzTarPerm extractEntry doc/callback.md
173 silly gunzTarPerm modified mode [ 'doc/callback.md', 436, 420 ]
174 silly gunzTarPerm extractEntry doc/converters.md
175 silly gunzTarPerm modified mode [ 'doc/converters.md', 436, 420 ]
176 silly gunzTarPerm extractEntry doc/errors.md
177 silly gunzTarPerm modified mode [ 'doc/errors.md', 436, 420 ]
178 silly gunzTarPerm extractEntry doc/maybe_types.md
179 silly gunzTarPerm modified mode [ 'doc/maybe_types.md', 436, 420 ]
180 silly gunzTarPerm extractEntry doc/methods.md
181 silly gunzTarPerm modified mode [ 'doc/methods.md', 436, 420 ]
182 silly gunzTarPerm extractEntry doc/asyncworker.md
183 silly gunzTarPerm modified mode [ 'doc/asyncworker.md', 436, 420 ]
184 silly gunzTarPerm extractEntry doc/node_misc.md
185 silly gunzTarPerm modified mode [ 'doc/node_misc.md', 436, 420 ]
186 silly gunzTarPerm extractEntry doc/object_wrappers.md
187 silly gunzTarPerm modified mode [ 'doc/object_wrappers.md', 436, 420 ]
188 silly gunzTarPerm extractEntry doc/persistent.md
189 silly gunzTarPerm modified mode [ 'doc/persistent.md', 436, 420 ]
190 silly gunzTarPerm extractEntry doc/scopes.md
191 silly gunzTarPerm modified mode [ 'doc/scopes.md', 436, 420 ]
192 silly gunzTarPerm extractEntry doc/script.md
193 silly gunzTarPerm modified mode [ 'doc/script.md', 436, 420 ]
194 silly gunzTarPerm extractEntry doc/string_bytes.md
195 silly gunzTarPerm modified mode [ 'doc/string_bytes.md', 436, 420 ]
196 silly gunzTarPerm extractEntry doc/v8_internals.md
197 silly gunzTarPerm modified mode [ 'doc/v8_internals.md', 436, 420 ]
198 silly gunzTarPerm extractEntry doc/v8_misc.md
199 silly gunzTarPerm modified mode [ 'doc/v8_misc.md', 436, 420 ]
200 silly gunzTarPerm extractEntry nan.h
201 silly gunzTarPerm modified mode [ 'nan.h', 436, 420 ]
202 silly gunzTarPerm extractEntry nan_callbacks.h
203 silly gunzTarPerm modified mode [ 'nan_callbacks.h', 436, 420 ]
204 silly gunzTarPerm extractEntry nan_callbacks_12_inl.h
205 silly gunzTarPerm modified mode [ 'nan_callbacks_12_inl.h', 436, 420 ]
206 silly gunzTarPerm extractEntry nan_callbacks_pre_12_inl.h
207 silly gunzTarPerm modified mode [ 'nan_callbacks_pre_12_inl.h', 436, 420 ]
208 silly gunzTarPerm extractEntry nan_converters_43_inl.h
209 silly gunzTarPerm modified mode [ 'nan_converters_43_inl.h', 436, 420 ]
210 silly gunzTarPerm extractEntry nan_converters_pre_43_inl.h
211 silly gunzTarPerm modified mode [ 'nan_converters_pre_43_inl.h', 436, 420 ]
212 silly gunzTarPerm extractEntry nan_implementation_12_inl.h
213 silly gunzTarPerm modified mode [ 'nan_implementation_12_inl.h', 436, 420 ]
214 silly gunzTarPerm extractEntry nan_implementation_pre_12_inl.h
215 silly gunzTarPerm modified mode [ 'nan_implementation_pre_12_inl.h', 436, 420 ]
216 silly gunzTarPerm extractEntry nan_maybe_43_inl.h
217 silly gunzTarPerm modified mode [ 'nan_maybe_43_inl.h', 436, 420 ]
218 silly gunzTarPerm extractEntry nan_maybe_pre_43_inl.h
219 silly gunzTarPerm modified mode [ 'nan_maybe_pre_43_inl.h', 436, 420 ]
220 silly gunzTarPerm extractEntry nan_new.h
221 silly gunzTarPerm modified mode [ 'nan_new.h', 436, 420 ]
222 silly gunzTarPerm extractEntry nan_object_wrap.h
223 silly gunzTarPerm modified mode [ 'nan_object_wrap.h', 436, 420 ]
224 silly gunzTarPerm extractEntry nan_persistent_12_inl.h
225 silly gunzTarPerm modified mode [ 'nan_persistent_12_inl.h', 436, 420 ]
226 silly gunzTarPerm extractEntry nan_persistent_pre_12_inl.h
227 silly gunzTarPerm modified mode [ 'nan_persistent_pre_12_inl.h', 436, 420 ]
228 silly gunzTarPerm extractEntry nan_string_bytes.h
229 silly gunzTarPerm modified mode [ 'nan_string_bytes.h', 436, 420 ]
230 silly gunzTarPerm extractEntry nan_typedarray_contents.h
231 silly gunzTarPerm modified mode [ 'nan_typedarray_contents.h', 436, 420 ]
232 silly gunzTarPerm extractEntry nan_weak.h
233 silly gunzTarPerm modified mode [ 'nan_weak.h', 436, 420 ]
234 silly gunzTarPerm extractEntry CHANGELOG.md
235 silly gunzTarPerm modified mode [ 'CHANGELOG.md', 436, 420 ]
236 silly gunzTarPerm extractEntry tools/package.json
237 silly gunzTarPerm modified mode [ 'tools/package.json', 436, 420 ]
238 silly gunzTarPerm extractEntry tools/README.md
239 silly gunzTarPerm modified mode [ 'tools/README.md', 436, 420 ]
240 silly gunzTarPerm extractEntry tools/1to2.js
241 silly gunzTarPerm modified mode [ 'tools/1to2.js', 509, 493 ]
242 verbose write writing to /usr/lib/node_modules/canvas/node_modules/nan/package.json
243 info preinstall nan@2.2.0
244 verbose readDependencies loading dependencies from /usr/lib/node_modules/canvas/node_modules/nan/package.json
245 verbose readDependencies loading dependencies from /usr/lib/node_modules/canvas/node_modules/nan/package.json
246 silly install resolved []
247 verbose about to build /usr/lib/node_modules/canvas/node_modules/nan
248 info build /usr/lib/node_modules/canvas/node_modules/nan
249 info linkStuff nan@2.2.0
250 silly linkStuff nan@2.2.0 has /usr/lib/node_modules/canvas/node_modules as its parent node_modules
251 silly linkStuff nan@2.2.0 is part of a global install
252 silly linkStuff nan@2.2.0 is installed into a global node_modules
253 verbose linkBins nan@2.2.0
254 verbose linkMans nan@2.2.0
255 verbose rebuildBundles nan@2.2.0
256 info install nan@2.2.0
257 info postinstall nan@2.2.0
258 verbose unlock done using /root/.npm/_locks/nan-825257e421f269d2.lock for /usr/lib/node_modules/canvas/node_modules/nan
259 verbose about to build /usr/lib/node_modules/canvas
260 info build /usr/lib/node_modules/canvas
261 info linkStuff canvas@1.3.12
262 silly linkStuff canvas@1.3.12 has /usr/lib/node_modules as its parent node_modules
263 silly linkStuff canvas@1.3.12 is part of a global install
264 silly linkStuff canvas@1.3.12 is installed into a global node_modules
265 silly linkStuff canvas@1.3.12 is installed into the top-level global node_modules
266 verbose linkBins canvas@1.3.12
267 verbose linkMans canvas@1.3.12
268 verbose rebuildBundles canvas@1.3.12
269 verbose rebuildBundles [ 'nan' ]
270 info install canvas@1.3.12
271 verbose unsafe-perm in lifecycle false
272 info canvas@1.3.12 Failed to exec install script
273 verbose unlock done using /root/.npm/_locks/canvas-e917fbf3181f6f65.lock for /usr/lib/node_modules/canvas
274 verbose stack Error: canvas@1.3.12 install: `node-gyp rebuild`
274 verbose stack Exit status 1
274 verbose stack     at EventEmitter.<anonymous> (/usr/lib64/node_modules/npm/lib/utils/lifecycle.js:214:16)
274 verbose stack     at emitTwo (events.js:87:13)
274 verbose stack     at EventEmitter.emit (events.js:172:7)
274 verbose stack     at ChildProcess.<anonymous> (/usr/lib64/node_modules/npm/lib/utils/spawn.js:24:14)
274 verbose stack     at emitTwo (events.js:87:13)
274 verbose stack     at ChildProcess.emit (events.js:172:7)
274 verbose stack     at maybeClose (internal/child_process.js:821:16)
274 verbose stack     at Process.ChildProcess._handle.onexit (internal/child_process.js:211:5)
275 verbose pkgid canvas@1.3.12
276 verbose cwd /srv/www/htdocs/c4v2/css
277 error Linux 4.1.15-8-default
278 error argv "/usr/bin/node" "/usr/bin/npm" "install" "canvas" "-g"
279 error node v4.3.1
280 error npm  v2.14.12
281 error code ELIFECYCLE
282 error canvas@1.3.12 install: `node-gyp rebuild`
282 error Exit status 1
283 error Failed at the canvas@1.3.12 install script 'node-gyp rebuild'.
283 error This is most likely a problem with the canvas package,
283 error not with npm itself.
283 error Tell the author that this fails on your system:
283 error     node-gyp rebuild
283 error You can get their info via:
283 error     npm owner ls canvas
283 error There is likely additional logging output above.
284 verbose exit [ 1, true ]
285 verbose unbuild lib/node_modules/canvas
286 info preuninstall canvas@1.3.12
287 info uninstall canvas@1.3.12
288 verbose unbuild rmStuff canvas@1.3.12 from /usr/lib/node_modules
289 info postuninstall canvas@1.3.12
290 silly gentlyRm /usr/lib/node_modules/canvas is being purged from base /usr
291 verbose gentlyRm don't care about contents; nuking /usr/lib/node_modules/canvas
292 silly vacuum-fs purging /usr/lib/node_modules/canvas
293 silly vacuum-fs quitting because other entries in /usr/lib/node_modules
